<?xml version="1.0" encoding="UTF-8"?>
<!-- Generated by org.testng.reporters.JUnitXMLReporter -->
<testsuite hostname="NEWLENOVO" ignored="1" name="Assignment" tests="21" failures="2" timestamp="15 Jun 2021 05:49:04 GMT" time="72.714" errors="0">
  <testcase name="navigate_to_shopping_site" time="48.103" classname="com.assignment.automation.stepdefination.Assignment_stepdefination"/>
  <testcase name="scroll_to_Best_sellers" time="0.065" classname="com.assignment.automation.stepdefination.Assignment_stepdefination"/>
  <testcase name="validate_Best_sellers_title" time="0.505" classname="com.assignment.automation.stepdefination.Assignment_stepdefination"/>
  <testcase name="enter_the_search_item" time="4.123" classname="com.assignment.automation.stepdefination.Assignment_stepdefination"/>
  <testcase name="validate_search_title" time="0.454" classname="com.assignment.automation.stepdefination.Assignment_stepdefination"/>
  <testcase name="select_a_item" time="0.833" classname="com.assignment.automation.stepdefination.Assignment_stepdefination"/>
  <testcase name="click_on_add_to_cart" time="2.733" classname="com.assignment.automation.stepdefination.Assignment_stepdefination">
    <failure type="org.openqa.selenium.ElementNotInteractableException" message="element not interactable
  (Session info: chrome=91.0.4472.101)
Build info: version: &amp;apos;3.141.0&amp;apos;, revision: &amp;apos;2ecb7d9a&amp;apos;, time: &amp;apos;2018-10-31T20:09:30&amp;apos;
System info: host: &amp;apos;NEWLENOVO&amp;apos;, ip: &amp;apos;192.168.43.204&amp;apos;, os.name: &amp;apos;Windows 10&amp;apos;, os.arch: &amp;apos;amd64&amp;apos;, os.version: &amp;apos;10.0&amp;apos;, java.version: &amp;apos;1.8.0_261&amp;apos;
Driver info: org.openqa.selenium.chrome.ChromeDriver
Capabilities {acceptInsecureCerts: false, browserName: chrome, browserVersion: 91.0.4472.101, chrome: {chromedriverVersion: 91.0.4472.101 (af52a90bf870..., userDataDir: C:\Users\User1\AppData\Loca...}, goog:chromeOptions: {debuggerAddress: localhost:62314}, javascriptEnabled: true, networkConnectionEnabled: false, pageLoadStrategy: normal, platform: WINDOWS, platformName: WINDOWS, proxy: Proxy(), setWindowRect: true, strictFileInteractability: false, timeouts: {implicit: 0, pageLoad: 300000, script: 30000}, unhandledPromptBehavior: dismiss and notify, webauthn:extension:largeBlob: true, webauthn:virtualAuthenticators: true}
Session ID: 047db7ad179a7b9e8f21f02845aa0177">
      <![CDATA[org.openqa.selenium.ElementNotInteractableException: element not interactable
  (Session info: chrome=91.0.4472.101)
Build info: version: '3.141.0', revision: '2ecb7d9a', time: '2018-10-31T20:09:30'
System info: host: 'NEWLENOVO', ip: '192.168.43.204', os.name: 'Windows 10', os.arch: 'amd64', os.version: '10.0', java.version: '1.8.0_261'
Driver info: org.openqa.selenium.chrome.ChromeDriver
Capabilities {acceptInsecureCerts: false, browserName: chrome, browserVersion: 91.0.4472.101, chrome: {chromedriverVersion: 91.0.4472.101 (af52a90bf870..., userDataDir: C:\Users\User1\AppData\Loca...}, goog:chromeOptions: {debuggerAddress: localhost:62314}, javascriptEnabled: true, networkConnectionEnabled: false, pageLoadStrategy: normal, platform: WINDOWS, platformName: WINDOWS, proxy: Proxy(), setWindowRect: true, strictFileInteractability: false, timeouts: {implicit: 0, pageLoad: 300000, script: 30000}, unhandledPromptBehavior: dismiss and notify, webauthn:extension:largeBlob: true, webauthn:virtualAuthenticators: true}
Session ID: 047db7ad179a7b9e8f21f02845aa0177
at org.openqa.selenium.remote.http.W3CHttpResponseCodec.createException(W3CHttpResponseCodec.java:187)
at org.openqa.selenium.remote.http.W3CHttpResponseCodec.decode(W3CHttpResponseCodec.java:122)
at org.openqa.selenium.remote.http.W3CHttpResponseCodec.decode(W3CHttpResponseCodec.java:49)
at org.openqa.selenium.remote.HttpCommandExecutor.execute(HttpCommandExecutor.java:158)
at org.openqa.selenium.remote.service.DriverCommandExecutor.execute(DriverCommandExecutor.java:83)
at org.openqa.selenium.remote.RemoteWebDriver.execute(RemoteWebDriver.java:552)
at org.openqa.selenium.remote.RemoteWebElement.execute(RemoteWebElement.java:285)
at org.openqa.selenium.remote.RemoteWebElement.click(RemoteWebElement.java:84)
at com.assignment.automation.stepdefination.Assignment_stepdefination.click_on_add_to_cart(Assignment_stepdefination.java:103)
... Removed 29 stack frames]]>
    </failure>
  </testcase> <!-- click_on_add_to_cart -->
  <testcase name="validate_your_shopping_cart_title" time="0.046" classname="com.assignment.automation.stepdefination.Assignment_stepdefination">
    <failure type="java.lang.AssertionError" message="expected [Your shopping cart contains: 1 Product] but found [7 results have been found.]">
      <![CDATA[java.lang.AssertionError: expected [Your shopping cart contains: 1 Product] but found [7 results have been found.]
at com.assignment.automation.stepdefination.Assignment_stepdefination.validate_your_shopping_cart_title(Assignment_stepdefination.java:122)
... Removed 31 stack frames]]>
    </failure>
  </testcase> <!-- validate_your_shopping_cart_title -->
  <testcase name="contact_us" time="2.928" classname="com.assignment.automation.stepdefination.Assignment_stepdefination"/>
  <testcase name="validate_title" time="0.136" classname="com.assignment.automation.stepdefination.Assignment_stepdefination"/>
  <testcase name="select_subject_heading" time="0.517" classname="com.assignment.automation.stepdefination.Assignment_stepdefination"/>
  <testcase name="enter_Email_address" time="0.45" classname="com.assignment.automation.stepdefination.Assignment_stepdefination"/>
  <testcase name="enter_order_refference" time="0.186" classname="com.assignment.automation.stepdefination.Assignment_stepdefination"/>
  <testcase name="enter_Message" time="0.3" classname="com.assignment.automation.stepdefination.Assignment_stepdefination"/>
  <testcase name="attach_file" time="0.143" classname="com.assignment.automation.stepdefination.Assignment_stepdefination"/>
  <testcase name="click_on_send" time="4.229" classname="com.assignment.automation.stepdefination.Assignment_stepdefination"/>
  <testcase name="validate_Success_message" time="0.074" classname="com.assignment.automation.stepdefination.Assignment_stepdefination"/>
  <testcase name="click_on_sign_in" time="4.261" classname="com.assignment.automation.stepdefination.Assignment_stepdefination"/>
  <testcase name="user_enter_email" time="0.15" classname="com.assignment.automation.stepdefination.Assignment_stepdefination"/>
  <testcase name="click_on_create_account" time="0.078" classname="com.assignment.automation.stepdefination.Assignment_stepdefination"/>
  <testcase name="validate_the_message" time="2.274" classname="com.assignment.automation.stepdefination.Assignment_stepdefination"/>
  <testcase name="click_on_proceed_to_checkout" time="0.0" classname="com.assignment.automation.stepdefination.Assignment_stepdefination">
    <ignored/>
  </testcase> <!-- click_on_proceed_to_checkout -->
</testsuite> <!-- Assignment -->
