<?xml version="1.0" encoding="UTF-8"?>
<!-- Generated by org.testng.reporters.JUnitReportReporter -->
<testsuite skipped="0" hostname="NEWLENOVO" name="com.assignment.automation.stepdefination.Assignment_stepdefination" tests="21" failures="1" timestamp="2021-06-16T23:01:28 IST" time="47.991" errors="0">
  <testcase name="click_on_create_account" time="1.103" classname="com.assignment.automation.stepdefination.Assignment_stepdefination"/>
  <system-out/>
  <testcase name="enter_order_refference" time="0.120" classname="com.assignment.automation.stepdefination.Assignment_stepdefination"/>
  <system-out/>
  <testcase name="contact_us" time="3.347" classname="com.assignment.automation.stepdefination.Assignment_stepdefination"/>
  <system-out/>
  <testcase name="attach_file" time="0.095" classname="com.assignment.automation.stepdefination.Assignment_stepdefination"/>
  <system-out/>
  <testcase name="enter_Email_address" time="0.126" classname="com.assignment.automation.stepdefination.Assignment_stepdefination"/>
  <system-out/>
  <testcase name="scroll_to_Best_sellers" time="0.026" classname="com.assignment.automation.stepdefination.Assignment_stepdefination"/>
  <system-out/>
  <testcase name="validate_Best_sellers_title" time="0.145" classname="com.assignment.automation.stepdefination.Assignment_stepdefination"/>
  <system-out/>
  <testcase name="validate_search_title" time="0.043" classname="com.assignment.automation.stepdefination.Assignment_stepdefination"/>
  <system-out/>
  <testcase name="click_on_sign_in" time="6.929" classname="com.assignment.automation.stepdefination.Assignment_stepdefination"/>
  <system-out/>
  <testcase name="validate_the_message" time="3.777" classname="com.assignment.automation.stepdefination.Assignment_stepdefination"/>
  <system-out/>
  <testcase name="select_a_item" time="0.200" classname="com.assignment.automation.stepdefination.Assignment_stepdefination"/>
  <system-out/>
  <testcase name="validate_your_shopping_cart_title" time="2.097" classname="com.assignment.automation.stepdefination.Assignment_stepdefination">
    <failure type="java.lang.AssertionError" message="expected [Your shopping cart] but found [Search]">
      <![CDATA[java.lang.AssertionError: expected [Your shopping cart] but found [Search]
at org.testng.Assert.fail(Assert.java:99)
at org.testng.Assert.failNotEquals(Assert.java:1037)
at org.testng.Assert.assertEqualsImpl(Assert.java:140)
at org.testng.Assert.assertEquals(Assert.java:122)
at org.testng.Assert.assertEquals(Assert.java:629)
at org.testng.Assert.assertEquals(Assert.java:639)
at com.assignment.automation.stepdefination.Assignment_stepdefination.validate_your_shopping_cart_title(Assignment_stepdefination.java:123)
at sun.reflect.NativeMethodAccessorImpl.invoke0(Native Method)
at sun.reflect.NativeMethodAccessorImpl.invoke(NativeMethodAccessorImpl.java:62)
at sun.reflect.DelegatingMethodAccessorImpl.invoke(DelegatingMethodAccessorImpl.java:43)
at java.lang.reflect.Method.invoke(Method.java:498)
at org.testng.internal.MethodInvocationHelper.invokeMethod(MethodInvocationHelper.java:132)
at org.testng.internal.TestInvoker.invokeMethod(TestInvoker.java:599)
at org.testng.internal.TestInvoker.invokeTestMethod(TestInvoker.java:174)
at org.testng.internal.MethodRunner.runInSequence(MethodRunner.java:46)
at org.testng.internal.TestInvoker$MethodInvocationAgent.invoke(TestInvoker.java:822)
at org.testng.internal.TestInvoker.invokeTestMethods(TestInvoker.java:147)
at org.testng.internal.TestMethodWorker.invokeTestMethods(TestMethodWorker.java:146)
at org.testng.internal.TestMethodWorker.run(TestMethodWorker.java:128)
at java.util.ArrayList.forEach(ArrayList.java:1259)
at org.testng.TestRunner.privateRun(TestRunner.java:764)
at org.testng.TestRunner.run(TestRunner.java:585)
at org.testng.SuiteRunner.runTest(SuiteRunner.java:384)
at org.testng.SuiteRunner.runSequentially(SuiteRunner.java:378)
at org.testng.SuiteRunner.privateRun(SuiteRunner.java:337)
at org.testng.SuiteRunner.run(SuiteRunner.java:286)
at org.testng.SuiteRunnerWorker.runSuite(SuiteRunnerWorker.java:53)
at org.testng.SuiteRunnerWorker.run(SuiteRunnerWorker.java:96)
at org.testng.TestNG.runSuitesSequentially(TestNG.java:1218)
at org.testng.TestNG.runSuitesLocally(TestNG.java:1140)
at org.testng.TestNG.runSuites(TestNG.java:1069)
at org.testng.TestNG.run(TestNG.java:1037)
at org.apache.maven.surefire.testng.TestNGExecutor.run(TestNGExecutor.java:283)
at org.apache.maven.surefire.testng.TestNGXmlTestSuite.execute(TestNGXmlTestSuite.java:75)
at org.apache.maven.surefire.testng.TestNGProvider.invoke(TestNGProvider.java:120)
at org.apache.maven.surefire.booter.ForkedBooter.runSuitesInProcess(ForkedBooter.java:377)
at org.apache.maven.surefire.booter.ForkedBooter.execute(ForkedBooter.java:138)
at org.apache.maven.surefire.booter.ForkedBooter.run(ForkedBooter.java:465)
at org.apache.maven.surefire.booter.ForkedBooter.main(ForkedBooter.java:451)
]]>
    </failure>
  </testcase> <!-- validate_your_shopping_cart_title -->
  <system-out/>
  <testcase name="enter_Message" time="0.146" classname="com.assignment.automation.stepdefination.Assignment_stepdefination"/>
  <system-out/>
  <testcase name="validate_title" time="0.047" classname="com.assignment.automation.stepdefination.Assignment_stepdefination"/>
  <system-out/>
  <testcase name="click_on_add_to_cart" time="0.085" classname="com.assignment.automation.stepdefination.Assignment_stepdefination"/>
  <system-out/>
  <testcase name="click_on_send" time="2.088" classname="com.assignment.automation.stepdefination.Assignment_stepdefination"/>
  <system-out/>
  <testcase name="validate_Success_message" time="0.037" classname="com.assignment.automation.stepdefination.Assignment_stepdefination"/>
  <system-out/>
  <testcase name="navigate_to_shopping_site" time="20.961" classname="com.assignment.automation.stepdefination.Assignment_stepdefination"/>
  <system-out/>
  <testcase name="user_enter_email" time="0.116" classname="com.assignment.automation.stepdefination.Assignment_stepdefination"/>
  <system-out/>
  <testcase name="enter_the_search_item" time="6.331" classname="com.assignment.automation.stepdefination.Assignment_stepdefination"/>
  <system-out/>
  <testcase name="select_subject_heading" time="0.172" classname="com.assignment.automation.stepdefination.Assignment_stepdefination"/>
  <system-out/>
</testsuite> <!-- com.assignment.automation.stepdefination.Assignment_stepdefination -->
