<?xml version="1.0" encoding="UTF-8"?>
<!-- Generated by org.testng.reporters.JUnitXMLReporter -->
<testsuite hostname="NEWLENOVO" ignored="1" name="Assignment" tests="21" failures="2" timestamp="16 Jun 2021 14:26:08 GMT" time="72.387" errors="0">
  <testcase name="navigate_to_shopping_site" time="31.436" classname="com.assignment.automation.stepdefination.Assignment_stepdefination"/>
  <testcase name="scroll_to_Best_sellers" time="0.049" classname="com.assignment.automation.stepdefination.Assignment_stepdefination"/>
  <testcase name="validate_Best_sellers_title" time="0.172" classname="com.assignment.automation.stepdefination.Assignment_stepdefination"/>
  <testcase name="enter_the_search_item" time="9.588" classname="com.assignment.automation.stepdefination.Assignment_stepdefination"/>
  <testcase name="validate_search_title" time="0.042" classname="com.assignment.automation.stepdefination.Assignment_stepdefination"/>
  <testcase name="select_a_item" time="0.208" classname="com.assignment.automation.stepdefination.Assignment_stepdefination"/>
  <testcase name="click_on_add_to_cart" time="0.135" classname="com.assignment.automation.stepdefination.Assignment_stepdefination"/>
  <testcase name="validate_your_shopping_cart_title" time="0.039" classname="com.assignment.automation.stepdefination.Assignment_stepdefination">
    <failure type="java.lang.AssertionError" message="expected [Your shopping cart contains: 1 Product] but found [7 results have been found.]">
      <![CDATA[java.lang.AssertionError: expected [Your shopping cart contains: 1 Product] but found [7 results have been found.]
at com.assignment.automation.stepdefination.Assignment_stepdefination.validate_your_shopping_cart_title(Assignment_stepdefination.java:122)
... Removed 31 stack frames]]>
    </failure>
  </testcase> <!-- validate_your_shopping_cart_title -->
  <testcase name="contact_us" time="7.734" classname="com.assignment.automation.stepdefination.Assignment_stepdefination"/>
  <testcase name="validate_title" time="0.041" classname="com.assignment.automation.stepdefination.Assignment_stepdefination"/>
  <testcase name="select_subject_heading" time="0.174" classname="com.assignment.automation.stepdefination.Assignment_stepdefination"/>
  <testcase name="enter_Email_address" time="0.131" classname="com.assignment.automation.stepdefination.Assignment_stepdefination"/>
  <testcase name="enter_order_refference" time="0.125" classname="com.assignment.automation.stepdefination.Assignment_stepdefination"/>
  <testcase name="enter_Message" time="0.129" classname="com.assignment.automation.stepdefination.Assignment_stepdefination"/>
  <testcase name="attach_file" time="0.095" classname="com.assignment.automation.stepdefination.Assignment_stepdefination"/>
  <testcase name="click_on_send" time="8.681" classname="com.assignment.automation.stepdefination.Assignment_stepdefination"/>
  <testcase name="validate_Success_message" time="0.044" classname="com.assignment.automation.stepdefination.Assignment_stepdefination"/>
  <testcase name="click_on_sign_in" time="11.204" classname="com.assignment.automation.stepdefination.Assignment_stepdefination"/>
  <testcase name="user_enter_email" time="0.106" classname="com.assignment.automation.stepdefination.Assignment_stepdefination"/>
  <testcase name="click_on_create_account" time="0.101" classname="com.assignment.automation.stepdefination.Assignment_stepdefination"/>
  <testcase name="validate_the_message" time="2.065" classname="com.assignment.automation.stepdefination.Assignment_stepdefination">
    <failure type="org.openqa.selenium.NoSuchElementException" message="no such element: Unable to locate element: {&amp;quot;method&amp;quot;:&amp;quot;xpath&amp;quot;,&amp;quot;selector&amp;quot;:&amp;quot;//div[@class=&amp;apos;alert alert-danger&amp;apos;]//li[text()]&amp;quot;}
  (Session info: chrome=91.0.4472.101)
For documentation on this error, please visit: http://seleniumhq.org/exceptions/no_such_element.html
Build info: version: &amp;apos;3.141.0&amp;apos;, revision: &amp;apos;2ecb7d9a&amp;apos;, time: &amp;apos;2018-10-31T20:09:30&amp;apos;
System info: host: &amp;apos;NEWLENOVO&amp;apos;, ip: &amp;apos;192.168.43.204&amp;apos;, os.name: &amp;apos;Windows 10&amp;apos;, os.arch: &amp;apos;amd64&amp;apos;, os.version: &amp;apos;10.0&amp;apos;, java.version: &amp;apos;1.8.0_261&amp;apos;
Driver info: org.openqa.selenium.chrome.ChromeDriver
Capabilities {acceptInsecureCerts: false, browserName: chrome, browserVersion: 91.0.4472.101, chrome: {chromedriverVersion: 91.0.4472.101 (af52a90bf870..., userDataDir: C:\Users\User1\AppData\Loca...}, goog:chromeOptions: {debuggerAddress: localhost:56400}, javascriptEnabled: true, networkConnectionEnabled: false, pageLoadStrategy: normal, platform: WINDOWS, platformName: WINDOWS, proxy: Proxy(), setWindowRect: true, strictFileInteractability: false, timeouts: {implicit: 0, pageLoad: 300000, script: 30000}, unhandledPromptBehavior: dismiss and notify, webauthn:extension:largeBlob: true, webauthn:virtualAuthenticators: true}
Session ID: 055574de7fbe6fbf94b4358bc8bc8332
*** Element info: {Using=xpath, value=//div[@class=&amp;apos;alert alert-danger&amp;apos;]//li[text()]}">
      <![CDATA[org.openqa.selenium.NoSuchElementException: no such element: Unable to locate element: {"method":"xpath","selector":"//div[@class='alert alert-danger']//li[text()]"}
  (Session info: chrome=91.0.4472.101)
For documentation on this error, please visit: http://seleniumhq.org/exceptions/no_such_element.html
Build info: version: '3.141.0', revision: '2ecb7d9a', time: '2018-10-31T20:09:30'
System info: host: 'NEWLENOVO', ip: '192.168.43.204', os.name: 'Windows 10', os.arch: 'amd64', os.version: '10.0', java.version: '1.8.0_261'
Driver info: org.openqa.selenium.chrome.ChromeDriver
Capabilities {acceptInsecureCerts: false, browserName: chrome, browserVersion: 91.0.4472.101, chrome: {chromedriverVersion: 91.0.4472.101 (af52a90bf870..., userDataDir: C:\Users\User1\AppData\Loca...}, goog:chromeOptions: {debuggerAddress: localhost:56400}, javascriptEnabled: true, networkConnectionEnabled: false, pageLoadStrategy: normal, platform: WINDOWS, platformName: WINDOWS, proxy: Proxy(), setWindowRect: true, strictFileInteractability: false, timeouts: {implicit: 0, pageLoad: 300000, script: 30000}, unhandledPromptBehavior: dismiss and notify, webauthn:extension:largeBlob: true, webauthn:virtualAuthenticators: true}
Session ID: 055574de7fbe6fbf94b4358bc8bc8332
*** Element info: {Using=xpath, value=//div[@class='alert alert-danger']//li[text()]}
at org.openqa.selenium.remote.http.W3CHttpResponseCodec.createException(W3CHttpResponseCodec.java:187)
at org.openqa.selenium.remote.http.W3CHttpResponseCodec.decode(W3CHttpResponseCodec.java:122)
at org.openqa.selenium.remote.http.W3CHttpResponseCodec.decode(W3CHttpResponseCodec.java:49)
at org.openqa.selenium.remote.HttpCommandExecutor.execute(HttpCommandExecutor.java:158)
at org.openqa.selenium.remote.service.DriverCommandExecutor.execute(DriverCommandExecutor.java:83)
at org.openqa.selenium.remote.RemoteWebDriver.execute(RemoteWebDriver.java:552)
at org.openqa.selenium.remote.RemoteWebDriver.findElement(RemoteWebDriver.java:323)
at org.openqa.selenium.remote.RemoteWebDriver.findElementByXPath(RemoteWebDriver.java:428)
at org.openqa.selenium.By$ByXPath.findElement(By.java:353)
at org.openqa.selenium.remote.RemoteWebDriver.findElement(RemoteWebDriver.java:315)
at com.assignment.automation.stepdefination.Assignment_stepdefination.validate_the_message(Assignment_stepdefination.java:237)
... Removed 29 stack frames]]>
    </failure>
  </testcase> <!-- validate_the_message -->
  <testcase name="click_on_proceed_to_checkout" time="0.0" classname="com.assignment.automation.stepdefination.Assignment_stepdefination">
    <ignored/>
  </testcase> <!-- click_on_proceed_to_checkout -->
</testsuite> <!-- Assignment -->
