<html>
<head>
<title>TestNG:  Assignment</title>
<link href="../testng.css" rel="stylesheet" type="text/css" />
<link href="../my-testng.css" rel="stylesheet" type="text/css" />

<style type="text/css">
.log { display: none;} 
.stack-trace { display: none;} 
</style>
<script type="text/javascript">
<!--
function flip(e) {
  current = e.style.display;
  if (current == 'block') {
    e.style.display = 'none';
    return 0;
  }
  else {
    e.style.display = 'block';
    return 1;
  }
}

function toggleBox(szDivId, elem, msg1, msg2)
{
  var res = -1;  if (document.getElementById) {
    res = flip(document.getElementById(szDivId));
  }
  else if (document.all) {
    // this is the way old msie versions work
    res = flip(document.all[szDivId]);
  }
  if(elem) {
    if(res == 0) elem.innerHTML = msg1; else elem.innerHTML = msg2;
  }

}

function toggleAllBoxes() {
  if (document.getElementsByTagName) {
    d = document.getElementsByTagName('div');
    for (i = 0; i < d.length; i++) {
      if (d[i].className == 'log') {
        flip(d[i]);
      }
    }
  }
}

// -->
</script>

</head>
<body>
<h2 align='center'>Assignment</h2><table border='1' align="center">
<tr>
<td>Tests passed/Failed/Skipped:</td><td>19/2/0</td>
</tr><tr>
<td>Started on:</td><td>Wed Jun 16 19:54:56 IST 2021</td>
</tr>
<tr><td>Total time:</td><td>72 seconds (72387 ms)</td>
</tr><tr>
<td>Included groups:</td><td></td>
</tr><tr>
<td>Excluded groups:</td><td></td>
</tr>
</table><p/>
<small><i>(Hover the method name to see the test class name)</i></small><p/>
<table width='100%' border='1' class='invocation-failed'>
<tr><td colspan='4' align='center'><b>FAILED TESTS</b></td></tr>
<tr><td><b>Test method</b></td>
<td width="30%"><b>Exception</b></td>
<td width="10%"><b>Time (seconds)</b></td>
<td><b>Instance</b></td>
</tr>
<tr>
<td title='com.assignment.automation.stepdefination.Assignment_stepdefination.validate_the_message()'><b>validate_the_message</b><br>Test class: com.assignment.automation.stepdefination.Assignment_stepdefination</td>
<td><div><pre>org.openqa.selenium.NoSuchElementException: no such element: Unable to locate element: {&quot;method&quot;:&quot;xpath&quot;,&quot;selector&quot;:&quot;//div[@class=&apos;alert alert-danger&apos;]//li[text()]&quot;}
  (Session info: chrome=91.0.4472.101)
For documentation on this error, please visit: http://seleniumhq.org/exceptions/no_such_element.html
Build info: version: &apos;3.141.0&apos;, revision: &apos;2ecb7d9a&apos;, time: &apos;2018-10-31T20:09:30&apos;
System info: host: &apos;NEWLENOVO&apos;, ip: &apos;192.168.43.204&apos;, os.name: &apos;Windows 10&apos;, os.arch: &apos;amd64&apos;, os.version: &apos;10.0&apos;, java.version: &apos;1.8.0_261&apos;
Driver info: org.openqa.selenium.chrome.ChromeDriver
Capabilities {acceptInsecureCerts: false, browserName: chrome, browserVersion: 91.0.4472.101, chrome: {chromedriverVersion: 91.0.4472.101 (af52a90bf870..., userDataDir: C:\Users\User1\AppData\Loca...}, goog:chromeOptions: {debuggerAddress: localhost:56400}, javascriptEnabled: true, networkConnectionEnabled: false, pageLoadStrategy: normal, platform: WINDOWS, platformName: WINDOWS, proxy: Proxy(), setWindowRect: true, strictFileInteractability: false, timeouts: {implicit: 0, pageLoad: 300000, script: 30000}, unhandledPromptBehavior: dismiss and notify, webauthn:extension:largeBlob: true, webauthn:virtualAuthenticators: true}
Session ID: 055574de7fbe6fbf94b4358bc8bc8332
*** Element info: {Using=xpath, value=//div[@class=&apos;alert alert-danger&apos;]//li[text()]}
	at org.openqa.selenium.remote.http.W3CHttpResponseCodec.createException(W3CHttpResponseCodec.java:187)
	at org.openqa.selenium.remote.http.W3CHttpResponseCodec.decode(W3CHttpResponseCodec.java:122)
	at org.openqa.selenium.remote.http.W3CHttpResponseCodec.decode(W3CHttpResponseCodec.java:49)
	at org.openqa.selenium.remote.HttpCommandExecutor.execute(HttpCommandExecutor.java:158)
	at org.openqa.selenium.remote.service.DriverCommandExecutor.execute(DriverCommandExecutor.java:83)
	at org.openqa.selenium.remote.RemoteWebDriver.execute(RemoteWebDriver.java:552)
	at org.openqa.selenium.remote.RemoteWebDriver.findElement(RemoteWebDriver.java:323)
	at org.openqa.selenium.remote.RemoteWebDriver.findElementByXPath(RemoteWebDriver.java:428)
	at org.openqa.selenium.By$ByXPath.findElement(By.java:353)
	at org.openqa.selenium.remote.RemoteWebDriver.findElement(RemoteWebDriver.java:315)
	at com.assignment.automation.stepdefination.Assignment_stepdefination.validate_the_message(Assignment_stepdefination.java:237)
... Removed 29 stack frames</pre></div><a href='#' onClick='toggleBox("stack-trace2110785285", this, "Click to show all stack frames", "Click to hide stack frames")'>Click to show all stack frames</a>
<div class='stack-trace' id='stack-trace2110785285'><pre>org.openqa.selenium.NoSuchElementException: no such element: Unable to locate element: {&quot;method&quot;:&quot;xpath&quot;,&quot;selector&quot;:&quot;//div[@class=&apos;alert alert-danger&apos;]//li[text()]&quot;}
  (Session info: chrome=91.0.4472.101)
For documentation on this error, please visit: http://seleniumhq.org/exceptions/no_such_element.html
Build info: version: &apos;3.141.0&apos;, revision: &apos;2ecb7d9a&apos;, time: &apos;2018-10-31T20:09:30&apos;
System info: host: &apos;NEWLENOVO&apos;, ip: &apos;192.168.43.204&apos;, os.name: &apos;Windows 10&apos;, os.arch: &apos;amd64&apos;, os.version: &apos;10.0&apos;, java.version: &apos;1.8.0_261&apos;
Driver info: org.openqa.selenium.chrome.ChromeDriver
Capabilities {acceptInsecureCerts: false, browserName: chrome, browserVersion: 91.0.4472.101, chrome: {chromedriverVersion: 91.0.4472.101 (af52a90bf870..., userDataDir: C:\Users\User1\AppData\Loca...}, goog:chromeOptions: {debuggerAddress: localhost:56400}, javascriptEnabled: true, networkConnectionEnabled: false, pageLoadStrategy: normal, platform: WINDOWS, platformName: WINDOWS, proxy: Proxy(), setWindowRect: true, strictFileInteractability: false, timeouts: {implicit: 0, pageLoad: 300000, script: 30000}, unhandledPromptBehavior: dismiss and notify, webauthn:extension:largeBlob: true, webauthn:virtualAuthenticators: true}
Session ID: 055574de7fbe6fbf94b4358bc8bc8332
*** Element info: {Using=xpath, value=//div[@class=&apos;alert alert-danger&apos;]//li[text()]}
	at sun.reflect.NativeConstructorAccessorImpl.newInstance0(Native Method)
	at sun.reflect.NativeConstructorAccessorImpl.newInstance(Unknown Source)
	at sun.reflect.DelegatingConstructorAccessorImpl.newInstance(Unknown Source)
	at java.lang.reflect.Constructor.newInstance(Unknown Source)
	at org.openqa.selenium.remote.http.W3CHttpResponseCodec.createException(W3CHttpResponseCodec.java:187)
	at org.openqa.selenium.remote.http.W3CHttpResponseCodec.decode(W3CHttpResponseCodec.java:122)
	at org.openqa.selenium.remote.http.W3CHttpResponseCodec.decode(W3CHttpResponseCodec.java:49)
	at org.openqa.selenium.remote.HttpCommandExecutor.execute(HttpCommandExecutor.java:158)
	at org.openqa.selenium.remote.service.DriverCommandExecutor.execute(DriverCommandExecutor.java:83)
	at org.openqa.selenium.remote.RemoteWebDriver.execute(RemoteWebDriver.java:552)
	at org.openqa.selenium.remote.RemoteWebDriver.findElement(RemoteWebDriver.java:323)
	at org.openqa.selenium.remote.RemoteWebDriver.findElementByXPath(RemoteWebDriver.java:428)
	at org.openqa.selenium.By$ByXPath.findElement(By.java:353)
	at org.openqa.selenium.remote.RemoteWebDriver.findElement(RemoteWebDriver.java:315)
	at com.assignment.automation.stepdefination.Assignment_stepdefination.validate_the_message(Assignment_stepdefination.java:237)
	at sun.reflect.NativeMethodAccessorImpl.invoke0(Native Method)
	at sun.reflect.NativeMethodAccessorImpl.invoke(Unknown Source)
	at sun.reflect.DelegatingMethodAccessorImpl.invoke(Unknown Source)
	at java.lang.reflect.Method.invoke(Unknown Source)
	at org.testng.internal.MethodInvocationHelper.invokeMethod(MethodInvocationHelper.java:124)
	at org.testng.internal.Invoker.invokeMethod(Invoker.java:583)
	at org.testng.internal.Invoker.invokeTestMethod(Invoker.java:719)
	at org.testng.internal.Invoker.invokeTestMethods(Invoker.java:989)
	at org.testng.internal.TestMethodWorker.invokeTestMethods(TestMethodWorker.java:125)
	at org.testng.internal.TestMethodWorker.run(TestMethodWorker.java:109)
	at org.testng.TestRunner.privateRun(TestRunner.java:648)
	at org.testng.TestRunner.run(TestRunner.java:505)
	at org.testng.SuiteRunner.runTest(SuiteRunner.java:455)
	at org.testng.SuiteRunner.runSequentially(SuiteRunner.java:450)
	at org.testng.SuiteRunner.privateRun(SuiteRunner.java:415)
	at org.testng.SuiteRunner.run(SuiteRunner.java:364)
	at org.testng.SuiteRunnerWorker.runSuite(SuiteRunnerWorker.java:52)
	at org.testng.SuiteRunnerWorker.run(SuiteRunnerWorker.java:84)
	at org.testng.TestNG.runSuitesSequentially(TestNG.java:1208)
	at org.testng.TestNG.runSuitesLocally(TestNG.java:1137)
	at org.testng.TestNG.runSuites(TestNG.java:1049)
	at org.testng.TestNG.run(TestNG.java:1017)
	at org.testng.remote.AbstractRemoteTestNG.run(AbstractRemoteTestNG.java:115)
	at org.testng.remote.RemoteTestNG.initAndRun(RemoteTestNG.java:251)
	at org.testng.remote.RemoteTestNG.main(RemoteTestNG.java:77)
</pre></div></td>
<td>2</td>
<td>com.assignment.automation.stepdefination.Assignment_stepdefination@402bba4f</td></tr>
<tr>
<td title='com.assignment.automation.stepdefination.Assignment_stepdefination.validate_your_shopping_cart_title()'><b>validate_your_shopping_cart_title</b><br>Test class: com.assignment.automation.stepdefination.Assignment_stepdefination</td>
<td><div><pre>java.lang.AssertionError: expected [Your shopping cart contains: 1 Product] but found [7 results have been found.]
	at com.assignment.automation.stepdefination.Assignment_stepdefination.validate_your_shopping_cart_title(Assignment_stepdefination.java:122)
... Removed 31 stack frames</pre></div><a href='#' onClick='toggleBox("stack-trace1560670039", this, "Click to show all stack frames", "Click to hide stack frames")'>Click to show all stack frames</a>
<div class='stack-trace' id='stack-trace1560670039'><pre>java.lang.AssertionError: expected [Your shopping cart contains: 1 Product] but found [7 results have been found.]
	at org.testng.Assert.fail(Assert.java:96)
	at org.testng.Assert.failNotEquals(Assert.java:776)
	at org.testng.Assert.assertEqualsImpl(Assert.java:137)
	at org.testng.Assert.assertEquals(Assert.java:118)
	at org.testng.Assert.assertEquals(Assert.java:453)
	at org.testng.Assert.assertEquals(Assert.java:463)
	at com.assignment.automation.stepdefination.Assignment_stepdefination.validate_your_shopping_cart_title(Assignment_stepdefination.java:122)
	at sun.reflect.NativeMethodAccessorImpl.invoke0(Native Method)
	at sun.reflect.NativeMethodAccessorImpl.invoke(Unknown Source)
	at sun.reflect.DelegatingMethodAccessorImpl.invoke(Unknown Source)
	at java.lang.reflect.Method.invoke(Unknown Source)
	at org.testng.internal.MethodInvocationHelper.invokeMethod(MethodInvocationHelper.java:124)
	at org.testng.internal.Invoker.invokeMethod(Invoker.java:583)
	at org.testng.internal.Invoker.invokeTestMethod(Invoker.java:719)
	at org.testng.internal.Invoker.invokeTestMethods(Invoker.java:989)
	at org.testng.internal.TestMethodWorker.invokeTestMethods(TestMethodWorker.java:125)
	at org.testng.internal.TestMethodWorker.run(TestMethodWorker.java:109)
	at org.testng.TestRunner.privateRun(TestRunner.java:648)
	at org.testng.TestRunner.run(TestRunner.java:505)
	at org.testng.SuiteRunner.runTest(SuiteRunner.java:455)
	at org.testng.SuiteRunner.runSequentially(SuiteRunner.java:450)
	at org.testng.SuiteRunner.privateRun(SuiteRunner.java:415)
	at org.testng.SuiteRunner.run(SuiteRunner.java:364)
	at org.testng.SuiteRunnerWorker.runSuite(SuiteRunnerWorker.java:52)
	at org.testng.SuiteRunnerWorker.run(SuiteRunnerWorker.java:84)
	at org.testng.TestNG.runSuitesSequentially(TestNG.java:1208)
	at org.testng.TestNG.runSuitesLocally(TestNG.java:1137)
	at org.testng.TestNG.runSuites(TestNG.java:1049)
	at org.testng.TestNG.run(TestNG.java:1017)
	at org.testng.remote.AbstractRemoteTestNG.run(AbstractRemoteTestNG.java:115)
	at org.testng.remote.RemoteTestNG.initAndRun(RemoteTestNG.java:251)
	at org.testng.remote.RemoteTestNG.main(RemoteTestNG.java:77)
</pre></div></td>
<td>0</td>
<td>com.assignment.automation.stepdefination.Assignment_stepdefination@402bba4f</td></tr>
</table><p>
<table width='100%' border='1' class='invocation-passed'>
<tr><td colspan='4' align='center'><b>PASSED TESTS</b></td></tr>
<tr><td><b>Test method</b></td>
<td width="30%"><b>Exception</b></td>
<td width="10%"><b>Time (seconds)</b></td>
<td><b>Instance</b></td>
</tr>
<tr>
<td title='com.assignment.automation.stepdefination.Assignment_stepdefination.attach_file()'><b>attach_file</b><br>Test class: com.assignment.automation.stepdefination.Assignment_stepdefination</td>
<td></td>
<td>0</td>
<td>com.assignment.automation.stepdefination.Assignment_stepdefination@402bba4f</td></tr>
<tr>
<td title='com.assignment.automation.stepdefination.Assignment_stepdefination.click_on_add_to_cart()'><b>click_on_add_to_cart</b><br>Test class: com.assignment.automation.stepdefination.Assignment_stepdefination</td>
<td></td>
<td>0</td>
<td>com.assignment.automation.stepdefination.Assignment_stepdefination@402bba4f</td></tr>
<tr>
<td title='com.assignment.automation.stepdefination.Assignment_stepdefination.click_on_create_account()'><b>click_on_create_account</b><br>Test class: com.assignment.automation.stepdefination.Assignment_stepdefination</td>
<td></td>
<td>0</td>
<td>com.assignment.automation.stepdefination.Assignment_stepdefination@402bba4f</td></tr>
<tr>
<td title='com.assignment.automation.stepdefination.Assignment_stepdefination.click_on_send()'><b>click_on_send</b><br>Test class: com.assignment.automation.stepdefination.Assignment_stepdefination</td>
<td></td>
<td>8</td>
<td>com.assignment.automation.stepdefination.Assignment_stepdefination@402bba4f</td></tr>
<tr>
<td title='com.assignment.automation.stepdefination.Assignment_stepdefination.click_on_sign_in()'><b>click_on_sign_in</b><br>Test class: com.assignment.automation.stepdefination.Assignment_stepdefination</td>
<td></td>
<td>11</td>
<td>com.assignment.automation.stepdefination.Assignment_stepdefination@402bba4f</td></tr>
<tr>
<td title='com.assignment.automation.stepdefination.Assignment_stepdefination.contact_us()'><b>contact_us</b><br>Test class: com.assignment.automation.stepdefination.Assignment_stepdefination</td>
<td></td>
<td>7</td>
<td>com.assignment.automation.stepdefination.Assignment_stepdefination@402bba4f</td></tr>
<tr>
<td title='com.assignment.automation.stepdefination.Assignment_stepdefination.enter_Email_address()'><b>enter_Email_address</b><br>Test class: com.assignment.automation.stepdefination.Assignment_stepdefination</td>
<td></td>
<td>0</td>
<td>com.assignment.automation.stepdefination.Assignment_stepdefination@402bba4f</td></tr>
<tr>
<td title='com.assignment.automation.stepdefination.Assignment_stepdefination.enter_Message()'><b>enter_Message</b><br>Test class: com.assignment.automation.stepdefination.Assignment_stepdefination</td>
<td></td>
<td>0</td>
<td>com.assignment.automation.stepdefination.Assignment_stepdefination@402bba4f</td></tr>
<tr>
<td title='com.assignment.automation.stepdefination.Assignment_stepdefination.enter_order_refference()'><b>enter_order_refference</b><br>Test class: com.assignment.automation.stepdefination.Assignment_stepdefination</td>
<td></td>
<td>0</td>
<td>com.assignment.automation.stepdefination.Assignment_stepdefination@402bba4f</td></tr>
<tr>
<td title='com.assignment.automation.stepdefination.Assignment_stepdefination.enter_the_search_item()'><b>enter_the_search_item</b><br>Test class: com.assignment.automation.stepdefination.Assignment_stepdefination</td>
<td></td>
<td>9</td>
<td>com.assignment.automation.stepdefination.Assignment_stepdefination@402bba4f</td></tr>
<tr>
<td title='com.assignment.automation.stepdefination.Assignment_stepdefination.navigate_to_shopping_site()'><b>navigate_to_shopping_site</b><br>Test class: com.assignment.automation.stepdefination.Assignment_stepdefination</td>
<td></td>
<td>31</td>
<td>com.assignment.automation.stepdefination.Assignment_stepdefination@402bba4f</td></tr>
<tr>
<td title='com.assignment.automation.stepdefination.Assignment_stepdefination.scroll_to_Best_sellers()'><b>scroll_to_Best_sellers</b><br>Test class: com.assignment.automation.stepdefination.Assignment_stepdefination</td>
<td></td>
<td>0</td>
<td>com.assignment.automation.stepdefination.Assignment_stepdefination@402bba4f</td></tr>
<tr>
<td title='com.assignment.automation.stepdefination.Assignment_stepdefination.select_a_item()'><b>select_a_item</b><br>Test class: com.assignment.automation.stepdefination.Assignment_stepdefination</td>
<td></td>
<td>0</td>
<td>com.assignment.automation.stepdefination.Assignment_stepdefination@402bba4f</td></tr>
<tr>
<td title='com.assignment.automation.stepdefination.Assignment_stepdefination.select_subject_heading()'><b>select_subject_heading</b><br>Test class: com.assignment.automation.stepdefination.Assignment_stepdefination</td>
<td></td>
<td>0</td>
<td>com.assignment.automation.stepdefination.Assignment_stepdefination@402bba4f</td></tr>
<tr>
<td title='com.assignment.automation.stepdefination.Assignment_stepdefination.user_enter_email()'><b>user_enter_email</b><br>Test class: com.assignment.automation.stepdefination.Assignment_stepdefination</td>
<td></td>
<td>0</td>
<td>com.assignment.automation.stepdefination.Assignment_stepdefination@402bba4f</td></tr>
<tr>
<td title='com.assignment.automation.stepdefination.Assignment_stepdefination.validate_Best_sellers_title()'><b>validate_Best_sellers_title</b><br>Test class: com.assignment.automation.stepdefination.Assignment_stepdefination</td>
<td></td>
<td>0</td>
<td>com.assignment.automation.stepdefination.Assignment_stepdefination@402bba4f</td></tr>
<tr>
<td title='com.assignment.automation.stepdefination.Assignment_stepdefination.validate_Success_message()'><b>validate_Success_message</b><br>Test class: com.assignment.automation.stepdefination.Assignment_stepdefination</td>
<td></td>
<td>0</td>
<td>com.assignment.automation.stepdefination.Assignment_stepdefination@402bba4f</td></tr>
<tr>
<td title='com.assignment.automation.stepdefination.Assignment_stepdefination.validate_search_title()'><b>validate_search_title</b><br>Test class: com.assignment.automation.stepdefination.Assignment_stepdefination</td>
<td></td>
<td>0</td>
<td>com.assignment.automation.stepdefination.Assignment_stepdefination@402bba4f</td></tr>
<tr>
<td title='com.assignment.automation.stepdefination.Assignment_stepdefination.validate_title()'><b>validate_title</b><br>Test class: com.assignment.automation.stepdefination.Assignment_stepdefination</td>
<td></td>
<td>0</td>
<td>com.assignment.automation.stepdefination.Assignment_stepdefination@402bba4f</td></tr>
</table><p>
</body>
</html>