<?xml version="1.0" encoding="UTF-8"?>
<testng-results skipped="0" failed="1" ignored="1" total="22" passed="20">
  <reporter-output>
  </reporter-output>
  <suite name="testng" duration-ms="48144" started-at="2021-06-16T23:00:39 IST" finished-at="2021-06-16T23:01:27 IST">
    <groups>
    </groups>
    <test name="Assignment" duration-ms="48144" started-at="2021-06-16T23:00:39 IST" finished-at="2021-06-16T23:01:27 IST">
      <class name="com.assignment.automation.stepdefination.Assignment_stepdefination">
        <test-method status="PASS" signature="navigate_to_shopping_site()[pri:0, instance:com.assignment.automation.stepdefination.Assignment_stepdefination@4232c52b]" name="navigate_to_shopping_site" duration-ms="20961" started-at="2021-06-16T23:00:39 IST" finished-at="2021-06-16T23:01:00 IST">
          <reporter-output>
          </reporter-output>
        </test-method> <!-- navigate_to_shopping_site -->
        <test-method status="PASS" signature="scroll_to_Best_sellers()[pri:0, instance:com.assignment.automation.stepdefination.Assignment_stepdefination@4232c52b]" name="scroll_to_Best_sellers" duration-ms="26" started-at="2021-06-16T23:01:00 IST" finished-at="2021-06-16T23:01:00 IST">
          <reporter-output>
          </reporter-output>
        </test-method> <!-- scroll_to_Best_sellers -->
        <test-method status="PASS" signature="validate_Best_sellers_title()[pri:0, instance:com.assignment.automation.stepdefination.Assignment_stepdefination@4232c52b]" name="validate_Best_sellers_title" duration-ms="145" started-at="2021-06-16T23:01:00 IST" finished-at="2021-06-16T23:01:01 IST">
          <reporter-output>
          </reporter-output>
        </test-method> <!-- validate_Best_sellers_title -->
        <test-method status="PASS" signature="enter_the_search_item()[pri:0, instance:com.assignment.automation.stepdefination.Assignment_stepdefination@4232c52b]" name="enter_the_search_item" duration-ms="6331" started-at="2021-06-16T23:01:01 IST" finished-at="2021-06-16T23:01:07 IST">
          <reporter-output>
          </reporter-output>
        </test-method> <!-- enter_the_search_item -->
        <test-method status="PASS" signature="validate_search_title()[pri:0, instance:com.assignment.automation.stepdefination.Assignment_stepdefination@4232c52b]" name="validate_search_title" duration-ms="43" started-at="2021-06-16T23:01:07 IST" finished-at="2021-06-16T23:01:07 IST">
          <reporter-output>
          </reporter-output>
        </test-method> <!-- validate_search_title -->
        <test-method status="PASS" signature="select_a_item()[pri:0, instance:com.assignment.automation.stepdefination.Assignment_stepdefination@4232c52b]" name="select_a_item" duration-ms="200" started-at="2021-06-16T23:01:07 IST" finished-at="2021-06-16T23:01:07 IST">
          <reporter-output>
          </reporter-output>
        </test-method> <!-- select_a_item -->
        <test-method status="PASS" signature="click_on_add_to_cart()[pri:0, instance:com.assignment.automation.stepdefination.Assignment_stepdefination@4232c52b]" name="click_on_add_to_cart" duration-ms="85" started-at="2021-06-16T23:01:07 IST" finished-at="2021-06-16T23:01:07 IST">
          <reporter-output>
          </reporter-output>
        </test-method> <!-- click_on_add_to_cart -->
        <test-method status="FAIL" signature="validate_your_shopping_cart_title()[pri:0, instance:com.assignment.automation.stepdefination.Assignment_stepdefination@4232c52b]" name="validate_your_shopping_cart_title" duration-ms="2097" started-at="2021-06-16T23:01:07 IST" finished-at="2021-06-16T23:01:09 IST">
          <exception class="java.lang.AssertionError">
            <message>
              <![CDATA[expected [Your shopping cart] but found [Search]]]>
            </message>
            <full-stacktrace>
              <![CDATA[java.lang.AssertionError: expected [Your shopping cart] but found [Search]
at org.testng.Assert.fail(Assert.java:99)
at org.testng.Assert.failNotEquals(Assert.java:1037)
at org.testng.Assert.assertEqualsImpl(Assert.java:140)
at org.testng.Assert.assertEquals(Assert.java:122)
at org.testng.Assert.assertEquals(Assert.java:629)
at org.testng.Assert.assertEquals(Assert.java:639)
at com.assignment.automation.stepdefination.Assignment_stepdefination.validate_your_shopping_cart_title(Assignment_stepdefination.java:123)
at sun.reflect.NativeMethodAccessorImpl.invoke0(Native Method)
at sun.reflect.NativeMethodAccessorImpl.invoke(NativeMethodAccessorImpl.java:62)
at sun.reflect.DelegatingMethodAccessorImpl.invoke(DelegatingMethodAccessorImpl.java:43)
at java.lang.reflect.Method.invoke(Method.java:498)
at org.testng.internal.MethodInvocationHelper.invokeMethod(MethodInvocationHelper.java:132)
at org.testng.internal.TestInvoker.invokeMethod(TestInvoker.java:599)
at org.testng.internal.TestInvoker.invokeTestMethod(TestInvoker.java:174)
at org.testng.internal.MethodRunner.runInSequence(MethodRunner.java:46)
at org.testng.internal.TestInvoker$MethodInvocationAgent.invoke(TestInvoker.java:822)
at org.testng.internal.TestInvoker.invokeTestMethods(TestInvoker.java:147)
at org.testng.internal.TestMethodWorker.invokeTestMethods(TestMethodWorker.java:146)
at org.testng.internal.TestMethodWorker.run(TestMethodWorker.java:128)
at java.util.ArrayList.forEach(ArrayList.java:1259)
at org.testng.TestRunner.privateRun(TestRunner.java:764)
at org.testng.TestRunner.run(TestRunner.java:585)
at org.testng.SuiteRunner.runTest(SuiteRunner.java:384)
at org.testng.SuiteRunner.runSequentially(SuiteRunner.java:378)
at org.testng.SuiteRunner.privateRun(SuiteRunner.java:337)
at org.testng.SuiteRunner.run(SuiteRunner.java:286)
at org.testng.SuiteRunnerWorker.runSuite(SuiteRunnerWorker.java:53)
at org.testng.SuiteRunnerWorker.run(SuiteRunnerWorker.java:96)
at org.testng.TestNG.runSuitesSequentially(TestNG.java:1218)
at org.testng.TestNG.runSuitesLocally(TestNG.java:1140)
at org.testng.TestNG.runSuites(TestNG.java:1069)
at org.testng.TestNG.run(TestNG.java:1037)
at org.apache.maven.surefire.testng.TestNGExecutor.run(TestNGExecutor.java:283)
at org.apache.maven.surefire.testng.TestNGXmlTestSuite.execute(TestNGXmlTestSuite.java:75)
at org.apache.maven.surefire.testng.TestNGProvider.invoke(TestNGProvider.java:120)
at org.apache.maven.surefire.booter.ForkedBooter.runSuitesInProcess(ForkedBooter.java:377)
at org.apache.maven.surefire.booter.ForkedBooter.execute(ForkedBooter.java:138)
at org.apache.maven.surefire.booter.ForkedBooter.run(ForkedBooter.java:465)
at org.apache.maven.surefire.booter.ForkedBooter.main(ForkedBooter.java:451)
]]>
            </full-stacktrace>
          </exception> <!-- java.lang.AssertionError -->
          <reporter-output>
          </reporter-output>
        </test-method> <!-- validate_your_shopping_cart_title -->
        <test-method status="PASS" signature="contact_us()[pri:0, instance:com.assignment.automation.stepdefination.Assignment_stepdefination@4232c52b]" name="contact_us" duration-ms="3347" started-at="2021-06-16T23:01:09 IST" finished-at="2021-06-16T23:01:13 IST">
          <reporter-output>
          </reporter-output>
        </test-method> <!-- contact_us -->
        <test-method status="PASS" signature="validate_title()[pri:0, instance:com.assignment.automation.stepdefination.Assignment_stepdefination@4232c52b]" name="validate_title" duration-ms="47" started-at="2021-06-16T23:01:13 IST" finished-at="2021-06-16T23:01:13 IST">
          <reporter-output>
          </reporter-output>
        </test-method> <!-- validate_title -->
        <test-method status="PASS" signature="select_subject_heading()[pri:0, instance:com.assignment.automation.stepdefination.Assignment_stepdefination@4232c52b]" name="select_subject_heading" duration-ms="172" started-at="2021-06-16T23:01:13 IST" finished-at="2021-06-16T23:01:13 IST">
          <reporter-output>
          </reporter-output>
        </test-method> <!-- select_subject_heading -->
        <test-method status="PASS" signature="enter_Email_address()[pri:0, instance:com.assignment.automation.stepdefination.Assignment_stepdefination@4232c52b]" name="enter_Email_address" duration-ms="126" started-at="2021-06-16T23:01:13 IST" finished-at="2021-06-16T23:01:13 IST">
          <reporter-output>
          </reporter-output>
        </test-method> <!-- enter_Email_address -->
        <test-method status="PASS" signature="enter_order_refference()[pri:0, instance:com.assignment.automation.stepdefination.Assignment_stepdefination@4232c52b]" name="enter_order_refference" duration-ms="120" started-at="2021-06-16T23:01:13 IST" finished-at="2021-06-16T23:01:13 IST">
          <reporter-output>
          </reporter-output>
        </test-method> <!-- enter_order_refference -->
        <test-method status="PASS" signature="enter_Message()[pri:0, instance:com.assignment.automation.stepdefination.Assignment_stepdefination@4232c52b]" name="enter_Message" duration-ms="146" started-at="2021-06-16T23:01:13 IST" finished-at="2021-06-16T23:01:13 IST">
          <reporter-output>
          </reporter-output>
        </test-method> <!-- enter_Message -->
        <test-method status="PASS" signature="attach_file()[pri:0, instance:com.assignment.automation.stepdefination.Assignment_stepdefination@4232c52b]" name="attach_file" duration-ms="95" started-at="2021-06-16T23:01:13 IST" finished-at="2021-06-16T23:01:13 IST">
          <reporter-output>
          </reporter-output>
        </test-method> <!-- attach_file -->
        <test-method status="PASS" signature="click_on_send()[pri:0, instance:com.assignment.automation.stepdefination.Assignment_stepdefination@4232c52b]" name="click_on_send" duration-ms="2088" started-at="2021-06-16T23:01:13 IST" finished-at="2021-06-16T23:01:16 IST">
          <reporter-output>
          </reporter-output>
        </test-method> <!-- click_on_send -->
        <test-method status="PASS" signature="validate_Success_message()[pri:0, instance:com.assignment.automation.stepdefination.Assignment_stepdefination@4232c52b]" name="validate_Success_message" duration-ms="37" started-at="2021-06-16T23:01:16 IST" finished-at="2021-06-16T23:01:16 IST">
          <reporter-output>
          </reporter-output>
        </test-method> <!-- validate_Success_message -->
        <test-method status="PASS" signature="click_on_sign_in()[pri:0, instance:com.assignment.automation.stepdefination.Assignment_stepdefination@4232c52b]" name="click_on_sign_in" duration-ms="6929" started-at="2021-06-16T23:01:16 IST" finished-at="2021-06-16T23:01:22 IST">
          <reporter-output>
          </reporter-output>
        </test-method> <!-- click_on_sign_in -->
        <test-method status="PASS" signature="user_enter_email()[pri:0, instance:com.assignment.automation.stepdefination.Assignment_stepdefination@4232c52b]" name="user_enter_email" duration-ms="116" started-at="2021-06-16T23:01:22 IST" finished-at="2021-06-16T23:01:23 IST">
          <reporter-output>
          </reporter-output>
        </test-method> <!-- user_enter_email -->
        <test-method status="PASS" signature="click_on_create_account()[pri:0, instance:com.assignment.automation.stepdefination.Assignment_stepdefination@4232c52b]" name="click_on_create_account" duration-ms="1103" started-at="2021-06-16T23:01:23 IST" finished-at="2021-06-16T23:01:24 IST">
          <reporter-output>
          </reporter-output>
        </test-method> <!-- click_on_create_account -->
        <test-method status="PASS" signature="validate_the_message()[pri:0, instance:com.assignment.automation.stepdefination.Assignment_stepdefination@4232c52b]" name="validate_the_message" duration-ms="3777" started-at="2021-06-16T23:01:24 IST" finished-at="2021-06-16T23:01:27 IST">
          <reporter-output>
          </reporter-output>
        </test-method> <!-- validate_the_message -->
      </class> <!-- com.assignment.automation.stepdefination.Assignment_stepdefination -->
    </test> <!-- Assignment -->
  </suite> <!-- testng -->
</testng-results>
