<?xml version="1.0" encoding="UTF-8"?>
<!-- Generated by org.testng.reporters.JUnitXMLReporter -->
<testsuite hostname="NEWLENOVO" ignored="1" name="Assignment" tests="21" failures="1" timestamp="2021-06-16T23:01:28 IST" time="48.144" errors="0">
  <testcase name="navigate_to_shopping_site" time="20.961" classname="com.assignment.automation.stepdefination.Assignment_stepdefination"/>
  <testcase name="scroll_to_Best_sellers" time="0.026" classname="com.assignment.automation.stepdefination.Assignment_stepdefination"/>
  <testcase name="validate_Best_sellers_title" time="0.145" classname="com.assignment.automation.stepdefination.Assignment_stepdefination"/>
  <testcase name="enter_the_search_item" time="6.331" classname="com.assignment.automation.stepdefination.Assignment_stepdefination"/>
  <testcase name="validate_search_title" time="0.043" classname="com.assignment.automation.stepdefination.Assignment_stepdefination"/>
  <testcase name="select_a_item" time="0.2" classname="com.assignment.automation.stepdefination.Assignment_stepdefination"/>
  <testcase name="click_on_add_to_cart" time="0.085" classname="com.assignment.automation.stepdefination.Assignment_stepdefination"/>
  <testcase name="validate_your_shopping_cart_title" time="2.097" classname="com.assignment.automation.stepdefination.Assignment_stepdefination">
    <failure type="java.lang.AssertionError" message="expected [Your shopping cart] but found [Search]">
      <![CDATA[java.lang.AssertionError: expected [Your shopping cart] but found [Search]
at com.assignment.automation.stepdefination.Assignment_stepdefination.validate_your_shopping_cart_title(Assignment_stepdefination.java:123)
at java.util.ArrayList.forEach(ArrayList.java:1259)
... Removed 37 stack frames]]>
    </failure>
  </testcase> <!-- validate_your_shopping_cart_title -->
  <testcase name="contact_us" time="3.347" classname="com.assignment.automation.stepdefination.Assignment_stepdefination"/>
  <testcase name="validate_title" time="0.047" classname="com.assignment.automation.stepdefination.Assignment_stepdefination"/>
  <testcase name="select_subject_heading" time="0.172" classname="com.assignment.automation.stepdefination.Assignment_stepdefination"/>
  <testcase name="enter_Email_address" time="0.126" classname="com.assignment.automation.stepdefination.Assignment_stepdefination"/>
  <testcase name="enter_order_refference" time="0.12" classname="com.assignment.automation.stepdefination.Assignment_stepdefination"/>
  <testcase name="enter_Message" time="0.146" classname="com.assignment.automation.stepdefination.Assignment_stepdefination"/>
  <testcase name="attach_file" time="0.095" classname="com.assignment.automation.stepdefination.Assignment_stepdefination"/>
  <testcase name="click_on_send" time="2.088" classname="com.assignment.automation.stepdefination.Assignment_stepdefination"/>
  <testcase name="validate_Success_message" time="0.037" classname="com.assignment.automation.stepdefination.Assignment_stepdefination"/>
  <testcase name="click_on_sign_in" time="6.929" classname="com.assignment.automation.stepdefination.Assignment_stepdefination"/>
  <testcase name="user_enter_email" time="0.116" classname="com.assignment.automation.stepdefination.Assignment_stepdefination"/>
  <testcase name="click_on_create_account" time="1.103" classname="com.assignment.automation.stepdefination.Assignment_stepdefination"/>
  <testcase name="validate_the_message" time="3.777" classname="com.assignment.automation.stepdefination.Assignment_stepdefination"/>
  <testcase name="click_on_proceed_to_checkout" time="0.0" classname="com.assignment.automation.stepdefination.Assignment_stepdefination">
    <ignored/>
  </testcase> <!-- click_on_proceed_to_checkout -->
</testsuite> <!-- Assignment -->
